{"level":"http","message":"3562a242-8dd7-49b6-9d22-2cb10e52314e POST /GP//auth/login 404 43 7.257 ms","timestamp":"2023-11-23 01:09:45.611 AM"}
{"level":"http","message":"a4e12909-d4a4-4acc-a118-124017679dad POST /GP/v1.0/auth/register 400 77 2.721 ms","timestamp":"2023-11-23 01:11:16.812 AM"}
{"level":"http","message":"92a27224-fecb-4ef2-95db-ded0ff512cfb POST /GP/v1.0/auth/login 400 135 2.439 ms","timestamp":"2023-11-23 01:11:22.936 AM"}
{"level":"http","message":"334a7af1-f1f1-439b-b049-91ef3f286385 POST /GP/v1.0/auth/login 400 135 5.053 ms","timestamp":"2023-11-23 01:16:10.109 AM"}
{"level":"http","message":"c957e301-66cd-40f3-9b48-e6fea191dd85 POST /GP/v1.0/auth/register 400 77 1.044 ms","timestamp":"2023-11-23 01:16:36.501 AM"}
{"level":"http","message":"a33abb9b-438d-4bf3-ad30-ef402f9fbfe6 POST /GP/v1.0/auth/register 500 43 25.141 ms","timestamp":"2023-11-23 01:17:08.324 AM"}
{"level":"http","message":"a28a73c7-b061-42ea-a91f-4b60bd8a7f69 POST /GP/v1.0/auth/register 400 82 6.456 ms","timestamp":"2023-11-23 01:20:39.442 AM"}
{"level":"http","message":"f5467882-d4c8-4d0b-85f6-a90548cfa46d POST /GP/v1.0/auth/register 201 72 101.315 ms","timestamp":"2023-11-23 01:21:06.268 AM"}
{"level":"http","message":"ec6091b0-a5b9-41c0-b84b-6efba16bc095 POST /GP/v1.0/auth/login 200 223 118.365 ms","timestamp":"2023-11-23 01:21:27.758 AM"}
{"level":"http","message":"52e18a3e-5ddc-4d69-9a8c-a0ff3d62b55b POST /GP/v1.0/auth/logout 200 16 0.710 ms","timestamp":"2023-11-23 01:21:32.790 AM"}
{"level":"http","message":"7fcce708-3382-4b18-a63e-45fc5d7761f6 POST /GP/v1.0/auth/login 200 223 85.846 ms","timestamp":"2023-11-23 01:21:37.734 AM"}
{"level":"http","message":"46093706-2cc7-4eed-8ecd-357389cf4fa1 POST /GP/v1.0/auth/login 200 223 97.913 ms","timestamp":"2023-11-23 01:24:26.864 AM"}
{"level":"http","message":"c001b72d-3e1c-40d6-9a4b-503bbb5e1932 POST /GP/v1.0/auth/register 201 72 99.784 ms","timestamp":"2023-11-23 01:24:42.864 AM"}
{"level":"http","message":"f4e3f01c-c303-4f91-8e8b-a54d5351fc20 POST /GP/v1.0/auth/register 201 72 85.566 ms","timestamp":"2023-11-23 01:25:32.959 AM"}
{"level":"http","message":"1b348863-ac98-4a5b-ab23-7021bea8cbb5 POST /GP/v1.0/auth/register 500 43 29.088 ms","timestamp":"2023-11-23 01:35:01.844 AM"}
{"level":"http","message":"d3b29b3b-84a4-483a-a28a-8352872098bf POST /GP/v1.0/auth/register 500 43 17.264 ms","timestamp":"2023-11-23 01:36:27.197 AM"}
{"level":"http","message":"9b4adfd3-0270-4334-9f27-ebcbd0f27ae3 POST /GP/v1.0/auth/register 403 50 24.068 ms","timestamp":"2023-11-23 01:40:24.059 AM"}
{"level":"http","message":"008a9517-1342-49a2-8168-a6c63ffbf217 POST /GP/v1.0/auth/login 200 223 112.839 ms","timestamp":"2023-11-23 01:41:17.306 AM"}
{"level":"http","message":"40f9a41d-ea54-4749-9119-2c91ddd6a656 POST /GP/v1.0/auth/login 200 223 81.697 ms","timestamp":"2023-11-23 01:42:16.190 AM"}
{"level":"http","message":"43cd5cd9-c172-4b5e-9678-b180df72dfc8 POST /GP/v1.0/auth/register 403 50 34.465 ms","timestamp":"2023-11-23 01:43:41.396 AM"}
{"level":"http","message":"933164d2-6cf8-4bcd-8c6a-b6d3707d703d POST /GP/v1.0/auth/register 403 50 52.053 ms","timestamp":"2023-11-23 01:43:48.692 AM"}
{"level":"http","message":"9a2ca006-5dc3-451a-a04c-5dbd0150d864 POST /GP/v1.0/auth/register 403 50 5.898 ms","timestamp":"2023-11-23 01:43:53.403 AM"}
{"level":"http","message":"b7a887a5-51ab-45ec-8b1f-defabd6fc0ba GET /GP/v1.0/auth/register 404 43 0.733 ms","timestamp":"2023-11-23 01:45:38.920 AM"}
{"level":"http","message":"d619ab16-176a-428e-ac48-47e6c6994790 POST /GP/v1.0/auth/register 403 50 2.979 ms","timestamp":"2023-11-23 01:45:49.686 AM"}
{"level":"http","message":"ba906c35-b232-4b6a-8d06-4e914fe82ce8 POST /GP/v1.0/auth/register 403 50 2.441 ms","timestamp":"2023-11-23 01:46:01.503 AM"}
{"level":"http","message":"cb629506-b052-49a6-adea-a0a87a7b7b8d POST /GP/v1.0/auth/register 403 50 18.929 ms","timestamp":"2023-11-23 01:47:34.505 AM"}
{"level":"http","message":"242373c4-60b8-4c01-804c-5b62d48537ce POST /GP/v1.0/auth/register 201 72 162.936 ms","timestamp":"2023-11-23 01:47:55.821 AM"}
{"level":"http","message":"cfcf38cb-67aa-47af-ad79-0ab6ea7da2de POST /GP/v1.0/auth/register 201 72 93.113 ms","timestamp":"2023-11-23 01:48:07.330 AM"}
{"level":"http","message":"744f6f1f-ed5c-4319-8d47-6a075d4c6ec0 POST /GP/v1.0/auth/register 201 72 91.125 ms","timestamp":"2023-11-23 01:48:09.761 AM"}
{"level":"http","message":"ae686e80-556c-460d-945f-eb261572d26d POST /GP/v1.0/auth/register 201 72 107.842 ms","timestamp":"2023-11-23 01:48:11.381 AM"}
{"level":"http","message":"8eeb7c83-0f02-4daf-87e6-a0ef95d74f52 POST /GP/v1.0/auth/register 403 50 20.736 ms","timestamp":"2023-11-23 01:51:41.824 AM"}
{"level":"http","message":"dbd9a9ad-9687-4e1e-aa85-6e093f011875 POST /GP/v1.0/auth/register 201 72 109.787 ms","timestamp":"2023-11-23 01:51:48.934 AM"}
{"level":"http","message":"3c6c3a89-9560-4215-8552-50069b797f4b POST /GP/v1.0/auth/register 403 50 3.532 ms","timestamp":"2023-11-23 01:51:51.571 AM"}
{"level":"http","message":"82ec5d05-78e4-423f-aa82-04c9f08e52d8 POST /GP/v1.0/auth/register 201 72 106.578 ms","timestamp":"2023-11-23 01:52:06.780 AM"}
{"level":"http","message":"bc987d03-879e-4685-8849-18bed5ed65d5 POST /GP/v1.0/auth/login 200 265 96.804 ms","timestamp":"2023-11-23 01:52:17.797 AM"}
{"level":"http","message":"eab5a376-3a86-4491-8370-6a5d9d83299f POST /GP/v1.0/auth/register 201 72 89.032 ms","timestamp":"2023-11-23 01:52:41.438 AM"}
{"level":"http","message":"73abc095-257b-46b3-a4ab-9a893efcc40a POST /GP/v1.0/auth/login 200 265 84.916 ms","timestamp":"2023-11-23 01:53:17.438 AM"}
{"level":"http","message":"863d6e58-4f52-48f2-a331-c2f2be284fea POST /GP/v1.0/auth/logout 200 16 1.968 ms","timestamp":"2023-11-23 01:53:25.816 AM"}
{"level":"http","message":"df55494e-b5e0-4222-b4d4-aa965dcf8f9d POST /GP/v1.0/auth/login 200 265 92.229 ms","timestamp":"2023-11-23 01:53:32.387 AM"}
{"level":"http","message":"73f86961-9f20-4faf-925d-8d990073b1fa POST /GP/v1.0/auth/login 404 43 19.199 ms","timestamp":"2023-11-23 01:56:36.713 AM"}
{"level":"http","message":"9e5313ff-944a-4a4d-8091-77bd3ece547d POST /GP/v1.0/auth/login 200 263 104.582 ms","timestamp":"2023-11-23 01:56:58.297 AM"}
{"level":"http","message":"dca7857c-ba63-4525-a604-1fbeca32834b POST /GP/v1.0/auth/register 400 133 6.251 ms","timestamp":"2023-11-23 01:59:02.067 AM"}
{"level":"http","message":"02b12151-c492-43d1-b85a-de1f7cd78eff POST /GP/v1.0/auth/register 201 72 112.896 ms","timestamp":"2023-11-23 01:59:15.752 AM"}
{"level":"http","message":"721b2114-267f-4443-a3af-b1da14ed843c POST /GP/v1.0/auth/register 201 72 98.211 ms","timestamp":"2023-11-23 01:59:27.729 AM"}
{"level":"http","message":"9657e801-0712-44ee-af61-4df02b008fed POST /GP/v1.0/auth/login 200 265 104.090 ms","timestamp":"2023-11-23 01:59:36.592 AM"}
{"level":"http","message":"4d1d1e35-0d52-4ec7-a96d-9f98ec52ef4f POST /GP/v1.0/auth/register 201 72 102.723 ms","timestamp":"2023-11-23 01:59:48.760 AM"}
{"level":"http","message":"fb24585d-1213-4d06-ad6a-3015a69ffb5d POST /GP/v1.0/auth/login 400 133 0.724 ms","timestamp":"2023-11-23 01:59:59.281 AM"}
{"level":"http","message":"362d4be7-def1-4efc-b9f4-3afa0877b933 POST /GP/v1.0/auth/login 400 133 0.492 ms","timestamp":"2023-11-23 02:00:09.635 AM"}
{"level":"http","message":"8b798747-d923-4378-8063-5b3656be9a77 POST /GP/v1.0/auth/login 400 133 0.463 ms","timestamp":"2023-11-23 02:00:19.901 AM"}
{"level":"http","message":"42b2b474-fe60-4a7a-9557-79a07e4be26f POST /GP/v1.0/auth/login 200 265 95.153 ms","timestamp":"2023-11-23 02:00:29.743 AM"}
{"level":"http","message":"12f420d0-8e2a-4d3f-8afd-22c68dd06a99 POST /GP/v1.0/auth/login 200 269 109.971 ms","timestamp":"2023-11-23 02:01:18.239 AM"}
{"level":"http","message":"fa04cbcf-2f69-4891-8ced-7145a68c5e92 POST /GP/v1.0/auth/logout 200 16 5.204 ms","timestamp":"2023-11-23 02:02:08.281 AM"}
{"level":"http","message":"ef6ef1ec-66fd-44c3-9a2a-00113a449603 GET /GP/v1.0/users/get-all 401 45 1.458 ms","timestamp":"2023-11-23 02:02:12.622 AM"}
{"level":"http","message":"22de8946-5482-4307-a348-5b7c3f83c3c2 GET /GP/v1.0/courses/ 404 43 1.347 ms","timestamp":"2023-11-23 02:02:23.715 AM"}
{"level":"http","message":"5522487b-5162-4313-9d53-f3dd3986271d GET /GP/v1.0/article/ 404 43 3.880 ms","timestamp":"2023-11-23 02:07:30.595 AM"}
{"level":"http","message":"276bb301-86eb-4a78-9951-0aa558552cb8 POST /GP/v1.0/articles/ 401 45 1.211 ms","timestamp":"2023-11-23 02:07:38.231 AM"}
{"level":"http","message":"29576ea7-534e-44ce-b62a-debe5d988157 GET /GP/v1.0/articles/ 401 45 0.708 ms","timestamp":"2023-11-23 02:07:46.699 AM"}
{"level":"http","message":"d3c3a802-f211-4d2d-9cf6-524c681788e8 GET /GP/v1.0/article/654805a44eb044267862e815 404 43 0.542 ms","timestamp":"2023-11-23 02:07:53.036 AM"}
{"level":"http","message":"13388307-d49e-479c-ae2e-9ede49fedc05 GET /GP/v1.0/articles/654805a44eb044267862e815 401 45 0.859 ms","timestamp":"2023-11-23 02:07:58.622 AM"}
{"level":"http","message":"5e7dde85-4a79-4c71-8404-55d8a4ab15cf PATCH /GP/v1.0/articles/ 404 43 1.001 ms","timestamp":"2023-11-23 02:08:07.107 AM"}
{"level":"http","message":"115e5ed5-5f38-45f6-bf80-7b936609a0ce POST /GP/v1.0/article/ 401 45 4.283 ms","timestamp":"2023-11-23 02:09:22.585 AM"}
{"level":"http","message":"83831f67-18fa-402b-8182-54dc6b928ef4 POST /GP/v1.0/auth/register 400 82 7.192 ms","timestamp":"2023-11-23 02:11:39.810 AM"}
{"level":"http","message":"99b22c6a-59c4-44cc-99b7-379b22daa57d POST /GP/v1.0/auth/register 201 72 109.983 ms","timestamp":"2023-11-23 02:12:04.108 AM"}
{"level":"http","message":"405b3908-ecdf-414d-99d6-390ecdab48d0 POST /GP/v1.0/auth/login 200 260 107.472 ms","timestamp":"2023-11-23 02:13:28.962 AM"}
{"level":"http","message":"932d9486-5c99-4287-85ba-9cbf3b3964ad POST /GP/v1.0/auth/logout 200 16 0.794 ms","timestamp":"2023-11-23 02:13:31.691 AM"}
{"level":"http","message":"7252136f-bc17-4fe8-b470-bd162854a35d GET /GP/v1.0/article/ 401 45 0.655 ms","timestamp":"2023-11-23 02:13:40.385 AM"}
{"level":"http","message":"4b63fb0a-dffe-4765-8c98-1c8f98a240dc POST /GP/v1.0/auth/login 200 260 110.201 ms","timestamp":"2023-11-23 02:13:44.462 AM"}
{"level":"http","message":"be9c66ef-b951-460d-8c49-8837d047b417 GET /GP/v1.0/article/ 200 81 108.263 ms","timestamp":"2023-11-23 02:13:48.576 AM"}
{"level":"http","message":"26f56eb5-ce04-4b76-a974-bb274bd9a6b7 GET /GP/v1.0/article/654805a44eb044267862e815 404 45 14.719 ms","timestamp":"2023-11-23 02:13:53.296 AM"}
{"level":"http","message":"2ef12781-41a9-4961-86b3-c57023b9de0e GET /GP/v1.0/videos/ 401 45 3.847 ms","timestamp":"2023-11-23 02:19:46.913 AM"}
{"level":"http","message":"de5e10e1-b0d5-43c1-a5ab-20b74f248a17 POST /GP/v1.0/auth/register 400 82 12.470 ms","timestamp":"2023-11-23 11:27:15.485 AM"}
{"level":"http","message":"04a54d82-b845-4725-98df-05d6551a3b4b GET /GP/v1.0/sounds/ 401 45 7.188 ms","timestamp":"2023-11-27 10:27:52.231 AM"}
{"level":"http","message":"0b1349fa-1742-4b03-bead-2dd49f161b05 POST /GP/v1.0/auth/register 400 82 5.087 ms","timestamp":"2023-11-27 10:30:42.749 AM"}
{"level":"http","message":"5abe5e2d-80e1-4989-8779-6f1cf1d84e4d POST /GP/v1.0/auth/register 403 50 399.597 ms","timestamp":"2023-11-27 10:31:11.998 AM"}
{"level":"http","message":"f30a0e8b-f704-486a-80d8-a2d108cc8ffa POST /GP/v1.0/auth/register 403 50 3.677 ms","timestamp":"2023-11-27 10:40:57.245 AM"}
{"level":"http","message":"bf9048a8-7e3a-4a86-9576-469f5be7588b POST /GP/v1.0/auth/login 400 135 1.280 ms","timestamp":"2023-11-27 10:43:02.835 AM"}
{"level":"http","message":"3e095934-da24-4a09-af1c-bddd285255ce POST /GP/v1.0/auth/login 200 260 117.416 ms","timestamp":"2023-11-27 10:43:29.102 AM"}
{"level":"http","message":"6f6ad3d3-1ea0-4140-9e28-7ebb59a200c5 POST /GP/v1.0/auth/login 200 260 99.978 ms","timestamp":"2023-11-27 10:45:16.038 AM"}
{"level":"http","message":"0f03fc43-9256-4ee2-91b3-1a4cb0cccf35 GET /GP/v1.0/article/ 200 81 130.628 ms","timestamp":"2023-11-27 10:49:41.901 AM"}
{"level":"http","message":"f3fff6f9-4c9c-4e92-9154-e3b1380d6e6a POST /GP/v1.0/article/ 403 108 2.724 ms","timestamp":"2023-11-27 10:50:16.622 AM"}
{"level":"http","message":"51139e2c-a8c5-4383-a572-98ed323150ce GET /GP/v1.0/videos/ 200 81 13.125 ms","timestamp":"2023-11-27 10:51:02.702 AM"}
{"level":"http","message":"c45e9ab3-967c-41e1-b4c3-e14f4220d06c DELETE /GP/v1.0/videos/6555221fefa0d88c0a61cafe 403 108 2.621 ms","timestamp":"2023-11-27 10:51:14.697 AM"}
